
> nexid@0.1.0 build
> next build

  ▲ Next.js 14.2.35
  - Environments: .env.local

   Creating an optimized production build ...
 ✓ Compiled successfully
   Skipping validation of types
   Skipping linting
   Collecting page data ...
 ⚠ Using edge runtime on a page currently disables static generation for that page
   Generating static pages (0/15) ...
   Generating static pages (3/15) 
   Generating static pages (7/15) 
 ⨯ useSearchParams() should be wrapped in a suspense boundary at page "/404". Read more: https://nextjs.org/docs/messages/missing-suspense-with-csr-bailout
    at o (D:\Alll Websites\Nexid-in\NEXIDMAIN\.next\server\chunks\900.js:1:10766)
    at d (D:\Alll Websites\Nexid-in\NEXIDMAIN\.next\server\chunks\900.js:1:21658)
    at d (D:\Alll Websites\Nexid-in\NEXIDMAIN\.next\server\app\_not-found\page.js:1:3907)
    at nj (D:\Alll Websites\Nexid-in\NEXIDMAIN\node_modules\next\dist\compiled\next-server\app-page.runtime.prod.js:12:46252)
    at nM (D:\Alll Websites\Nexid-in\NEXIDMAIN\node_modules\next\dist\compiled\next-server\app-page.runtime.prod.js:12:47572)
    at nM (D:\Alll Websites\Nexid-in\NEXIDMAIN\node_modules\next\dist\compiled\next-server\app-page.runtime.prod.js:12:61547)
    at nL (D:\Alll Websites\Nexid-in\NEXIDMAIN\node_modules\next\dist\compiled\next-server\app-page.runtime.prod.js:12:64547)
    at nB (D:\Alll Websites\Nexid-in\NEXIDMAIN\node_modules\next\dist\compiled\next-server\app-page.runtime.prod.js:12:67539)
    at nM (D:\Alll Websites\Nexid-in\NEXIDMAIN\node_modules\next\dist\compiled\next-server\app-page.runtime.prod.js:12:58561)
    at nL (D:\Alll Websites\Nexid-in\NEXIDMAIN\node_modules\next\dist\compiled\next-server\app-page.runtime.prod.js:12:64547)

Error occurred prerendering page "/_not-found". Read more: https://nextjs.org/docs/messages/prerender-error

Critical: Failed to initialize DB1 x [FirebaseError]: Firebase: Error (auth/invalid-api-key).
    at y (D:\Alll Websites\Nexid-in\NEXIDMAIN\.next\server\chunks\676.js:3:363315)
    at v (D:\Alll Websites\Nexid-in\NEXIDMAIN\.next\server\chunks\676.js:3:363363)
    at i.instanceFactory (D:\Alll Websites\Nexid-in\NEXIDMAIN\.next\server\chunks\676.js:3:418394)
    at a.getOrInitializeService (D:\Alll Websites\Nexid-in\NEXIDMAIN\.next\server\chunks\676.js:3:349353)
    at a.initialize (D:\Alll Websites\Nexid-in\NEXIDMAIN\.next\server\chunks\676.js:3:348761)
    at ej (D:\Alll Websites\Nexid-in\NEXIDMAIN\.next\server\chunks\676.js:3:401274)
    at tx (D:\Alll Websites\Nexid-in\NEXIDMAIN\.next\server\chunks\676.js:3:419063)
    at 11964 (D:\Alll Websites\Nexid-in\NEXIDMAIN\.next\server\app\onboarding\page.js:1:12831)
    at t (D:\Alll Websites\Nexid-in\NEXIDMAIN\.next\server\webpack-runtime.js:1:143)
    at 38853 (D:\Alll Websites\Nexid-in\NEXIDMAIN\.next\server\app\onboarding\page.js:1:10449) {
  code: 'auth/invalid-api-key',
  customData: { appName: '[DEFAULT]' }
}
 ⨯ useSearchParams() should be wrapped in a suspense boundary at page "/onboarding". Read more: https://nextjs.org/docs/messages/missing-suspense-with-csr-bailout
    at o (D:\Alll Websites\Nexid-in\NEXIDMAIN\.next\server\chunks\900.js:1:10766)
    at d (D:\Alll Websites\Nexid-in\NEXIDMAIN\.next\server\chunks\900.js:1:21658)
    at d (D:\Alll Websites\Nexid-in\NEXIDMAIN\.next\server\chunks\105.js:1:2458)
    at nj (D:\Alll Websites\Nexid-in\NEXIDMAIN\node_modules\next\dist\compiled\next-server\app-page.runtime.prod.js:12:46252)
    at nM (D:\Alll Websites\Nexid-in\NEXIDMAIN\node_modules\next\dist\compiled\next-server\app-page.runtime.prod.js:12:47572)
    at nM (D:\Alll Websites\Nexid-in\NEXIDMAIN\node_modules\next\dist\compiled\next-server\app-page.runtime.prod.js:12:61547)
    at nL (D:\Alll Websites\Nexid-in\NEXIDMAIN\node_modules\next\dist\compiled\next-server\app-page.runtime.prod.js:12:64547)
    at nB (D:\Alll Websites\Nexid-in\NEXIDMAIN\node_modules\next\dist\compiled\next-server\app-page.runtime.prod.js:12:67539)
    at nM (D:\Alll Websites\Nexid-in\NEXIDMAIN\node_modules\next\dist\compiled\next-server\app-page.runtime.prod.js:12:58561)
    at nL (D:\Alll Websites\Nexid-in\NEXIDMAIN\node_modules\next\dist\compiled\next-server\app-page.runtime.prod.js:12:64547)

Error occurred prerendering page "/onboarding". Read more: https://nextjs.org/docs/messages/prerender-error

   Generating static pages (11/15) 
 ⨯ useSearchParams() should be wrapped in a suspense boundary at page "/landing". Read more: https://nextjs.org/docs/messages/missing-suspense-with-csr-bailout
    at o (D:\Alll Websites\Nexid-in\NEXIDMAIN\.next\server\chunks\900.js:1:10766)
    at d (D:\Alll Websites\Nexid-in\NEXIDMAIN\.next\server\chunks\900.js:1:21658)
    at d (D:\Alll Websites\Nexid-in\NEXIDMAIN\.next\server\chunks\105.js:1:2458)
    at nj (D:\Alll Websites\Nexid-in\NEXIDMAIN\node_modules\next\dist\compiled\next-server\app-page.runtime.prod.js:12:46252)
    at nM (D:\Alll Websites\Nexid-in\NEXIDMAIN\node_modules\next\dist\compiled\next-server\app-page.runtime.prod.js:12:47572)
    at nM (D:\Alll Websites\Nexid-in\NEXIDMAIN\node_modules\next\dist\compiled\next-server\app-page.runtime.prod.js:12:61547)
    at nL (D:\Alll Websites\Nexid-in\NEXIDMAIN\node_modules\next\dist\compiled\next-server\app-page.runtime.prod.js:12:64547)
    at nB (D:\Alll Websites\Nexid-in\NEXIDMAIN\node_modules\next\dist\compiled\next-server\app-page.runtime.prod.js:12:67539)
    at nM (D:\Alll Websites\Nexid-in\NEXIDMAIN\node_modules\next\dist\compiled\next-server\app-page.runtime.prod.js:12:58561)
    at nL (D:\Alll Websites\Nexid-in\NEXIDMAIN\node_modules\next\dist\compiled\next-server\app-page.runtime.prod.js:12:64547)

Error occurred prerendering page "/landing". Read more: https://nextjs.org/docs/messages/prerender-error

 ✓ Generating static pages (15/15)

> Export encountered errors on following paths:
	/_not-found/page: /_not-found
	/landing/page: /landing
	/onboarding/page: /onboarding
